<?xml version="1.0" encoding="UTF-8"?>
<testng-results skipped="0" failed="0" total="1" passed="1">
  <reporter-output>
  </reporter-output>
  <suite name="Default suite" duration-ms="42560" started-at="2016-04-09T18:49:44Z" finished-at="2016-04-09T18:50:26Z">
    <groups>
    </groups>
    <test name="Default test" duration-ms="42560" started-at="2016-04-09T18:49:44Z" finished-at="2016-04-09T18:50:26Z">
      <class name="com.page.XcelWork">
        <test-method status="PASS" signature="beforeTest()[pri:0, instance:com.page.XcelWork@619713e5]" name="beforeTest" is-config="true" duration-ms="1963" started-at="2016-04-09T14:49:44Z" finished-at="2016-04-09T14:49:46Z">
          <reporter-output>
          </reporter-output>
        </test-method> <!-- beforeTest -->
        <test-method status="PASS" signature="LogIn()[pri:0, instance:com.page.XcelWork@619713e5]" name="LogIn" duration-ms="39509" started-at="2016-04-09T14:49:46Z" finished-at="2016-04-09T14:50:25Z">
          <reporter-output>
          </reporter-output>
        </test-method> <!-- LogIn -->
        <test-method status="PASS" signature="afterTest()[pri:0, instance:com.page.XcelWork@619713e5]" name="afterTest" is-config="true" duration-ms="1072" started-at="2016-04-09T14:50:25Z" finished-at="2016-04-09T14:50:26Z">
          <reporter-output>
          </reporter-output>
        </test-method> <!-- afterTest -->
      </class> <!-- com.page.XcelWork -->
    </test> <!-- Default test -->
  </suite> <!-- Default suite -->
</testng-results>
